[2023-07-12 14:02:22] local.ERROR: Command "vendor:publich" is not defined.

Did you mean one of these?
    lang:publish
    sail:publish
    stub:publish
    vendor:publish {"exception":"[object] (Symfony\\Component\\Console\\Exception\\CommandNotFoundException(code: 0): Command \"vendor:publich\" is not defined.

Did you mean one of these?
    lang:publish
    sail:publish
    stub:publish
    vendor:publish at C:\\phpexemples\\projectlogin\\vendor\\symfony\\console\\Application.php:725)
[stacktrace]
#0 C:\\phpexemples\\projectlogin\\vendor\\symfony\\console\\Application.php(262): Symfony\\Component\\Console\\Application->find()
#1 C:\\phpexemples\\projectlogin\\vendor\\symfony\\console\\Application.php(174): Symfony\\Component\\Console\\Application->doRun()
#2 C:\\phpexemples\\projectlogin\\vendor\\laravel\\framework\\src\\Illuminate\\Foundation\\Console\\Kernel.php(201): Symfony\\Component\\Console\\Application->run()
#3 C:\\phpexemples\\projectlogin\\artisan(35): Illuminate\\Foundation\\Console\\Kernel->handle()
#4 {main}
"} 
[2023-07-12 14:03:04] local.ERROR: No arguments expected for "vendor" command, got ":publish". {"exception":"[object] (Symfony\\Component\\Console\\Exception\\RuntimeException(code: 0): No arguments expected for \"vendor\" command, got \":publish\". at C:\\phpexemples\\projectlogin\\vendor\\symfony\\console\\Input\\ArgvInput.php:196)
[stacktrace]
#0 C:\\phpexemples\\projectlogin\\vendor\\symfony\\console\\Input\\ArgvInput.php(89): Symfony\\Component\\Console\\Input\\ArgvInput->parseArgument()
#1 C:\\phpexemples\\projectlogin\\vendor\\symfony\\console\\Input\\ArgvInput.php(74): Symfony\\Component\\Console\\Input\\ArgvInput->parseToken()
#2 C:\\phpexemples\\projectlogin\\vendor\\symfony\\console\\Input\\Input.php(55): Symfony\\Component\\Console\\Input\\ArgvInput->parse()
#3 C:\\phpexemples\\projectlogin\\vendor\\symfony\\console\\Command\\Command.php(285): Symfony\\Component\\Console\\Input\\Input->bind()
#4 C:\\phpexemples\\projectlogin\\vendor\\laravel\\framework\\src\\Illuminate\\Console\\Command.php(177): Symfony\\Component\\Console\\Command\\Command->run()
#5 C:\\phpexemples\\projectlogin\\vendor\\symfony\\console\\Application.php(1081): Illuminate\\Console\\Command->run()
#6 C:\\phpexemples\\projectlogin\\vendor\\symfony\\console\\Application.php(320): Symfony\\Component\\Console\\Application->doRunCommand()
#7 C:\\phpexemples\\projectlogin\\vendor\\symfony\\console\\Application.php(174): Symfony\\Component\\Console\\Application->doRun()
#8 C:\\phpexemples\\projectlogin\\vendor\\laravel\\framework\\src\\Illuminate\\Foundation\\Console\\Kernel.php(201): Symfony\\Component\\Console\\Application->run()
#9 C:\\phpexemples\\projectlogin\\artisan(35): Illuminate\\Foundation\\Console\\Kernel->handle()
#10 {main}
"} 
[2023-07-12 14:08:34] local.ERROR: could not find driver (Connection: mysql, SQL: select * from information_schema.tables where table_schema = laravel and table_name = migrations and table_type = 'BASE TABLE') {"exception":"[object] (Illuminate\\Database\\QueryException(code: 0): could not find driver (Connection: mysql, SQL: select * from information_schema.tables where table_schema = laravel and table_name = migrations and table_type = 'BASE TABLE') at C:\\phpexemples\\projectlogin\\vendor\\laravel\\framework\\src\\Illuminate\\Database\\Connection.php:795)
[stacktrace]
#0 C:\\phpexemples\\projectlogin\\vendor\\laravel\\framework\\src\\Illuminate\\Database\\Connection.php(755): Illuminate\\Database\\Connection->runQueryCallback()
#1 C:\\phpexemples\\projectlogin\\vendor\\laravel\\framework\\src\\Illuminate\\Database\\Connection.php(407): Illuminate\\Database\\Connection->run()
#2 C:\\phpexemples\\projectlogin\\vendor\\laravel\\framework\\src\\Illuminate\\Database\\Connection.php(394): Illuminate\\Database\\Connection->select()
#3 C:\\phpexemples\\projectlogin\\vendor\\laravel\\framework\\src\\Illuminate\\Database\\Schema\\MySqlBuilder.php(43): Illuminate\\Database\\Connection->selectFromWriteConnection()
#4 C:\\phpexemples\\projectlogin\\vendor\\laravel\\framework\\src\\Illuminate\\Database\\Migrations\\DatabaseMigrationRepository.php(184): Illuminate\\Database\\Schema\\MySqlBuilder->hasTable()
#5 C:\\phpexemples\\projectlogin\\vendor\\laravel\\framework\\src\\Illuminate\\Database\\Migrations\\Migrator.php(700): Illuminate\\Database\\Migrations\\DatabaseMigrationRepository->repositoryExists()
#6 C:\\phpexemples\\projectlogin\\vendor\\laravel\\framework\\src\\Illuminate\\Database\\Console\\Migrations\\MigrateCommand.php(138): Illuminate\\Database\\Migrations\\Migrator->repositoryExists()
#7 C:\\phpexemples\\projectlogin\\vendor\\laravel\\framework\\src\\Illuminate\\Support\\helpers.php(248): Illuminate\\Database\\Console\\Migrations\\MigrateCommand->Illuminate\\Database\\Console\\Migrations\\{closure}()
#8 C:\\phpexemples\\projectlogin\\vendor\\laravel\\framework\\src\\Illuminate\\Database\\Console\\Migrations\\MigrateCommand.php(138): retry()
#9 C:\\phpexemples\\projectlogin\\vendor\\laravel\\framework\\src\\Illuminate\\Database\\Console\\Migrations\\MigrateCommand.php(114): Illuminate\\Database\\Console\\Migrations\\MigrateCommand->repositoryExists()
#10 C:\\phpexemples\\projectlogin\\vendor\\laravel\\framework\\src\\Illuminate\\Database\\Console\\Migrations\\MigrateCommand.php(82): Illuminate\\Database\\Console\\Migrations\\MigrateCommand->prepareDatabase()
#11 C:\\phpexemples\\projectlogin\\vendor\\laravel\\framework\\src\\Illuminate\\Database\\Migrations\\Migrator.php(633): Illuminate\\Database\\Console\\Migrations\\MigrateCommand->Illuminate\\Database\\Console\\Migrations\\{closure}()
#12 C:\\phpexemples\\projectlogin\\vendor\\laravel\\framework\\src\\Illuminate\\Database\\Console\\Migrations\\MigrateCommand.php(81): Illuminate\\Database\\Migrations\\Migrator->usingConnection()
#13 C:\\phpexemples\\projectlogin\\vendor\\laravel\\framework\\src\\Illuminate\\Container\\BoundMethod.php(36): Illuminate\\Database\\Console\\Migrations\\MigrateCommand->handle()
#14 C:\\phpexemples\\projectlogin\\vendor\\laravel\\framework\\src\\Illuminate\\Container\\Util.php(41): Illuminate\\Container\\BoundMethod::Illuminate\\Container\\{closure}()
#15 C:\\phpexemples\\projectlogin\\vendor\\laravel\\framework\\src\\Illuminate\\Container\\BoundMethod.php(93): Illuminate\\Container\\Util::unwrapIfClosure()
#16 C:\\phpexemples\\projectlogin\\vendor\\laravel\\framework\\src\\Illuminate\\Container\\BoundMethod.php(35): Illuminate\\Container\\BoundMethod::callBoundMethod()
#17 C:\\phpexemples\\projectlogin\\vendor\\laravel\\framework\\src\\Illuminate\\Container\\Container.php(662): Illuminate\\Container\\BoundMethod::call()
#18 C:\\phpexemples\\projectlogin\\vendor\\laravel\\framework\\src\\Illuminate\\Console\\Command.php(208): Illuminate\\Container\\Container->call()
#19 C:\\phpexemples\\projectlogin\\vendor\\symfony\\console\\Command\\Command.php(326): Illuminate\\Console\\Command->execute()
#20 C:\\phpexemples\\projectlogin\\vendor\\laravel\\framework\\src\\Illuminate\\Console\\Command.php(177): Symfony\\Component\\Console\\Command\\Command->run()
#21 C:\\phpexemples\\projectlogin\\vendor\\symfony\\console\\Application.php(1081): Illuminate\\Console\\Command->run()
#22 C:\\phpexemples\\projectlogin\\vendor\\symfony\\console\\Application.php(320): Symfony\\Component\\Console\\Application->doRunCommand()
#23 C:\\phpexemples\\projectlogin\\vendor\\symfony\\console\\Application.php(174): Symfony\\Component\\Console\\Application->doRun()
#24 C:\\phpexemples\\projectlogin\\vendor\\laravel\\framework\\src\\Illuminate\\Foundation\\Console\\Kernel.php(201): Symfony\\Component\\Console\\Application->run()
#25 C:\\phpexemples\\projectlogin\\artisan(35): Illuminate\\Foundation\\Console\\Kernel->handle()
#26 {main}

[previous exception] [object] (PDOException(code: 0): could not find driver at C:\\phpexemples\\projectlogin\\vendor\\laravel\\framework\\src\\Illuminate\\Database\\Connectors\\Connector.php:65)
[stacktrace]
#0 C:\\phpexemples\\projectlogin\\vendor\\laravel\\framework\\src\\Illuminate\\Database\\Connectors\\Connector.php(65): PDO->__construct()
#1 C:\\phpexemples\\projectlogin\\vendor\\laravel\\framework\\src\\Illuminate\\Database\\Connectors\\Connector.php(44): Illuminate\\Database\\Connectors\\Connector->createPdoConnection()
#2 C:\\phpexemples\\projectlogin\\vendor\\laravel\\framework\\src\\Illuminate\\Database\\Connectors\\MySqlConnector.php(24): Illuminate\\Database\\Connectors\\Connector->createConnection()
#3 C:\\phpexemples\\projectlogin\\vendor\\laravel\\framework\\src\\Illuminate\\Database\\Connectors\\ConnectionFactory.php(184): Illuminate\\Database\\Connectors\\MySqlConnector->connect()
#4 [internal function]: Illuminate\\Database\\Connectors\\ConnectionFactory->Illuminate\\Database\\Connectors\\{closure}()
#5 C:\\phpexemples\\projectlogin\\vendor\\laravel\\framework\\src\\Illuminate\\Database\\Connection.php(1275): call_user_func()
#6 C:\\phpexemples\\projectlogin\\vendor\\laravel\\framework\\src\\Illuminate\\Database\\Connection.php(521): Illuminate\\Database\\Connection->getPdo()
#7 C:\\phpexemples\\projectlogin\\vendor\\laravel\\framework\\src\\Illuminate\\Database\\Connection.php(416): Illuminate\\Database\\Connection->getPdoForSelect()
#8 C:\\phpexemples\\projectlogin\\vendor\\laravel\\framework\\src\\Illuminate\\Database\\Connection.php(788): Illuminate\\Database\\Connection->Illuminate\\Database\\{closure}()
#9 C:\\phpexemples\\projectlogin\\vendor\\laravel\\framework\\src\\Illuminate\\Database\\Connection.php(755): Illuminate\\Database\\Connection->runQueryCallback()
#10 C:\\phpexemples\\projectlogin\\vendor\\laravel\\framework\\src\\Illuminate\\Database\\Connection.php(407): Illuminate\\Database\\Connection->run()
#11 C:\\phpexemples\\projectlogin\\vendor\\laravel\\framework\\src\\Illuminate\\Database\\Connection.php(394): Illuminate\\Database\\Connection->select()
#12 C:\\phpexemples\\projectlogin\\vendor\\laravel\\framework\\src\\Illuminate\\Database\\Schema\\MySqlBuilder.php(43): Illuminate\\Database\\Connection->selectFromWriteConnection()
#13 C:\\phpexemples\\projectlogin\\vendor\\laravel\\framework\\src\\Illuminate\\Database\\Migrations\\DatabaseMigrationRepository.php(184): Illuminate\\Database\\Schema\\MySqlBuilder->hasTable()
#14 C:\\phpexemples\\projectlogin\\vendor\\laravel\\framework\\src\\Illuminate\\Database\\Migrations\\Migrator.php(700): Illuminate\\Database\\Migrations\\DatabaseMigrationRepository->repositoryExists()
#15 C:\\phpexemples\\projectlogin\\vendor\\laravel\\framework\\src\\Illuminate\\Database\\Console\\Migrations\\MigrateCommand.php(138): Illuminate\\Database\\Migrations\\Migrator->repositoryExists()
#16 C:\\phpexemples\\projectlogin\\vendor\\laravel\\framework\\src\\Illuminate\\Support\\helpers.php(248): Illuminate\\Database\\Console\\Migrations\\MigrateCommand->Illuminate\\Database\\Console\\Migrations\\{closure}()
#17 C:\\phpexemples\\projectlogin\\vendor\\laravel\\framework\\src\\Illuminate\\Database\\Console\\Migrations\\MigrateCommand.php(138): retry()
#18 C:\\phpexemples\\projectlogin\\vendor\\laravel\\framework\\src\\Illuminate\\Database\\Console\\Migrations\\MigrateCommand.php(114): Illuminate\\Database\\Console\\Migrations\\MigrateCommand->repositoryExists()
#19 C:\\phpexemples\\projectlogin\\vendor\\laravel\\framework\\src\\Illuminate\\Database\\Console\\Migrations\\MigrateCommand.php(82): Illuminate\\Database\\Console\\Migrations\\MigrateCommand->prepareDatabase()
#20 C:\\phpexemples\\projectlogin\\vendor\\laravel\\framework\\src\\Illuminate\\Database\\Migrations\\Migrator.php(633): Illuminate\\Database\\Console\\Migrations\\MigrateCommand->Illuminate\\Database\\Console\\Migrations\\{closure}()
#21 C:\\phpexemples\\projectlogin\\vendor\\laravel\\framework\\src\\Illuminate\\Database\\Console\\Migrations\\MigrateCommand.php(81): Illuminate\\Database\\Migrations\\Migrator->usingConnection()
#22 C:\\phpexemples\\projectlogin\\vendor\\laravel\\framework\\src\\Illuminate\\Container\\BoundMethod.php(36): Illuminate\\Database\\Console\\Migrations\\MigrateCommand->handle()
#23 C:\\phpexemples\\projectlogin\\vendor\\laravel\\framework\\src\\Illuminate\\Container\\Util.php(41): Illuminate\\Container\\BoundMethod::Illuminate\\Container\\{closure}()
#24 C:\\phpexemples\\projectlogin\\vendor\\laravel\\framework\\src\\Illuminate\\Container\\BoundMethod.php(93): Illuminate\\Container\\Util::unwrapIfClosure()
#25 C:\\phpexemples\\projectlogin\\vendor\\laravel\\framework\\src\\Illuminate\\Container\\BoundMethod.php(35): Illuminate\\Container\\BoundMethod::callBoundMethod()
#26 C:\\phpexemples\\projectlogin\\vendor\\laravel\\framework\\src\\Illuminate\\Container\\Container.php(662): Illuminate\\Container\\BoundMethod::call()
#27 C:\\phpexemples\\projectlogin\\vendor\\laravel\\framework\\src\\Illuminate\\Console\\Command.php(208): Illuminate\\Container\\Container->call()
#28 C:\\phpexemples\\projectlogin\\vendor\\symfony\\console\\Command\\Command.php(326): Illuminate\\Console\\Command->execute()
#29 C:\\phpexemples\\projectlogin\\vendor\\laravel\\framework\\src\\Illuminate\\Console\\Command.php(177): Symfony\\Component\\Console\\Command\\Command->run()
#30 C:\\phpexemples\\projectlogin\\vendor\\symfony\\console\\Application.php(1081): Illuminate\\Console\\Command->run()
#31 C:\\phpexemples\\projectlogin\\vendor\\symfony\\console\\Application.php(320): Symfony\\Component\\Console\\Application->doRunCommand()
#32 C:\\phpexemples\\projectlogin\\vendor\\symfony\\console\\Application.php(174): Symfony\\Component\\Console\\Application->doRun()
#33 C:\\phpexemples\\projectlogin\\vendor\\laravel\\framework\\src\\Illuminate\\Foundation\\Console\\Kernel.php(201): Symfony\\Component\\Console\\Application->run()
#34 C:\\phpexemples\\projectlogin\\artisan(35): Illuminate\\Foundation\\Console\\Kernel->handle()
#35 {main}
"} 
[2023-07-12 19:24:32] local.ERROR: could not find driver (Connection: mysql, SQL: select * from information_schema.tables where table_schema = laravelproject and table_name = migrations and table_type = 'BASE TABLE') {"exception":"[object] (Illuminate\\Database\\QueryException(code: 0): could not find driver (Connection: mysql, SQL: select * from information_schema.tables where table_schema = laravelproject and table_name = migrations and table_type = 'BASE TABLE') at C:\\phpexemples\\projectlogin\\vendor\\laravel\\framework\\src\\Illuminate\\Database\\Connection.php:795)
[stacktrace]
#0 C:\\phpexemples\\projectlogin\\vendor\\laravel\\framework\\src\\Illuminate\\Database\\Connection.php(755): Illuminate\\Database\\Connection->runQueryCallback()
#1 C:\\phpexemples\\projectlogin\\vendor\\laravel\\framework\\src\\Illuminate\\Database\\Connection.php(407): Illuminate\\Database\\Connection->run()
#2 C:\\phpexemples\\projectlogin\\vendor\\laravel\\framework\\src\\Illuminate\\Database\\Connection.php(394): Illuminate\\Database\\Connection->select()
#3 C:\\phpexemples\\projectlogin\\vendor\\laravel\\framework\\src\\Illuminate\\Database\\Schema\\MySqlBuilder.php(43): Illuminate\\Database\\Connection->selectFromWriteConnection()
#4 C:\\phpexemples\\projectlogin\\vendor\\laravel\\framework\\src\\Illuminate\\Database\\Migrations\\DatabaseMigrationRepository.php(184): Illuminate\\Database\\Schema\\MySqlBuilder->hasTable()
#5 C:\\phpexemples\\projectlogin\\vendor\\laravel\\framework\\src\\Illuminate\\Database\\Migrations\\Migrator.php(700): Illuminate\\Database\\Migrations\\DatabaseMigrationRepository->repositoryExists()
#6 C:\\phpexemples\\projectlogin\\vendor\\laravel\\framework\\src\\Illuminate\\Database\\Console\\Migrations\\MigrateCommand.php(138): Illuminate\\Database\\Migrations\\Migrator->repositoryExists()
#7 C:\\phpexemples\\projectlogin\\vendor\\laravel\\framework\\src\\Illuminate\\Support\\helpers.php(248): Illuminate\\Database\\Console\\Migrations\\MigrateCommand->Illuminate\\Database\\Console\\Migrations\\{closure}()
#8 C:\\phpexemples\\projectlogin\\vendor\\laravel\\framework\\src\\Illuminate\\Database\\Console\\Migrations\\MigrateCommand.php(138): retry()
#9 C:\\phpexemples\\projectlogin\\vendor\\laravel\\framework\\src\\Illuminate\\Database\\Console\\Migrations\\MigrateCommand.php(114): Illuminate\\Database\\Console\\Migrations\\MigrateCommand->repositoryExists()
#10 C:\\phpexemples\\projectlogin\\vendor\\laravel\\framework\\src\\Illuminate\\Database\\Console\\Migrations\\MigrateCommand.php(82): Illuminate\\Database\\Console\\Migrations\\MigrateCommand->prepareDatabase()
#11 C:\\phpexemples\\projectlogin\\vendor\\laravel\\framework\\src\\Illuminate\\Database\\Migrations\\Migrator.php(633): Illuminate\\Database\\Console\\Migrations\\MigrateCommand->Illuminate\\Database\\Console\\Migrations\\{closure}()
#12 C:\\phpexemples\\projectlogin\\vendor\\laravel\\framework\\src\\Illuminate\\Database\\Console\\Migrations\\MigrateCommand.php(81): Illuminate\\Database\\Migrations\\Migrator->usingConnection()
#13 C:\\phpexemples\\projectlogin\\vendor\\laravel\\framework\\src\\Illuminate\\Container\\BoundMethod.php(36): Illuminate\\Database\\Console\\Migrations\\MigrateCommand->handle()
#14 C:\\phpexemples\\projectlogin\\vendor\\laravel\\framework\\src\\Illuminate\\Container\\Util.php(41): Illuminate\\Container\\BoundMethod::Illuminate\\Container\\{closure}()
#15 C:\\phpexemples\\projectlogin\\vendor\\laravel\\framework\\src\\Illuminate\\Container\\BoundMethod.php(93): Illuminate\\Container\\Util::unwrapIfClosure()
#16 C:\\phpexemples\\projectlogin\\vendor\\laravel\\framework\\src\\Illuminate\\Container\\BoundMethod.php(35): Illuminate\\Container\\BoundMethod::callBoundMethod()
#17 C:\\phpexemples\\projectlogin\\vendor\\laravel\\framework\\src\\Illuminate\\Container\\Container.php(662): Illuminate\\Container\\BoundMethod::call()
#18 C:\\phpexemples\\projectlogin\\vendor\\laravel\\framework\\src\\Illuminate\\Console\\Command.php(208): Illuminate\\Container\\Container->call()
#19 C:\\phpexemples\\projectlogin\\vendor\\symfony\\console\\Command\\Command.php(326): Illuminate\\Console\\Command->execute()
#20 C:\\phpexemples\\projectlogin\\vendor\\laravel\\framework\\src\\Illuminate\\Console\\Command.php(177): Symfony\\Component\\Console\\Command\\Command->run()
#21 C:\\phpexemples\\projectlogin\\vendor\\symfony\\console\\Application.php(1081): Illuminate\\Console\\Command->run()
#22 C:\\phpexemples\\projectlogin\\vendor\\symfony\\console\\Application.php(320): Symfony\\Component\\Console\\Application->doRunCommand()
#23 C:\\phpexemples\\projectlogin\\vendor\\symfony\\console\\Application.php(174): Symfony\\Component\\Console\\Application->doRun()
#24 C:\\phpexemples\\projectlogin\\vendor\\laravel\\framework\\src\\Illuminate\\Foundation\\Console\\Kernel.php(201): Symfony\\Component\\Console\\Application->run()
#25 C:\\phpexemples\\projectlogin\\artisan(35): Illuminate\\Foundation\\Console\\Kernel->handle()
#26 {main}

[previous exception] [object] (PDOException(code: 0): could not find driver at C:\\phpexemples\\projectlogin\\vendor\\laravel\\framework\\src\\Illuminate\\Database\\Connectors\\Connector.php:65)
[stacktrace]
#0 C:\\phpexemples\\projectlogin\\vendor\\laravel\\framework\\src\\Illuminate\\Database\\Connectors\\Connector.php(65): PDO->__construct()
#1 C:\\phpexemples\\projectlogin\\vendor\\laravel\\framework\\src\\Illuminate\\Database\\Connectors\\Connector.php(44): Illuminate\\Database\\Connectors\\Connector->createPdoConnection()
#2 C:\\phpexemples\\projectlogin\\vendor\\laravel\\framework\\src\\Illuminate\\Database\\Connectors\\MySqlConnector.php(24): Illuminate\\Database\\Connectors\\Connector->createConnection()
#3 C:\\phpexemples\\projectlogin\\vendor\\laravel\\framework\\src\\Illuminate\\Database\\Connectors\\ConnectionFactory.php(184): Illuminate\\Database\\Connectors\\MySqlConnector->connect()
#4 [internal function]: Illuminate\\Database\\Connectors\\ConnectionFactory->Illuminate\\Database\\Connectors\\{closure}()
#5 C:\\phpexemples\\projectlogin\\vendor\\laravel\\framework\\src\\Illuminate\\Database\\Connection.php(1275): call_user_func()
#6 C:\\phpexemples\\projectlogin\\vendor\\laravel\\framework\\src\\Illuminate\\Database\\Connection.php(521): Illuminate\\Database\\Connection->getPdo()
#7 C:\\phpexemples\\projectlogin\\vendor\\laravel\\framework\\src\\Illuminate\\Database\\Connection.php(416): Illuminate\\Database\\Connection->getPdoForSelect()
#8 C:\\phpexemples\\projectlogin\\vendor\\laravel\\framework\\src\\Illuminate\\Database\\Connection.php(788): Illuminate\\Database\\Connection->Illuminate\\Database\\{closure}()
#9 C:\\phpexemples\\projectlogin\\vendor\\laravel\\framework\\src\\Illuminate\\Database\\Connection.php(755): Illuminate\\Database\\Connection->runQueryCallback()
#10 C:\\phpexemples\\projectlogin\\vendor\\laravel\\framework\\src\\Illuminate\\Database\\Connection.php(407): Illuminate\\Database\\Connection->run()
#11 C:\\phpexemples\\projectlogin\\vendor\\laravel\\framework\\src\\Illuminate\\Database\\Connection.php(394): Illuminate\\Database\\Connection->select()
#12 C:\\phpexemples\\projectlogin\\vendor\\laravel\\framework\\src\\Illuminate\\Database\\Schema\\MySqlBuilder.php(43): Illuminate\\Database\\Connection->selectFromWriteConnection()
#13 C:\\phpexemples\\projectlogin\\vendor\\laravel\\framework\\src\\Illuminate\\Database\\Migrations\\DatabaseMigrationRepository.php(184): Illuminate\\Database\\Schema\\MySqlBuilder->hasTable()
#14 C:\\phpexemples\\projectlogin\\vendor\\laravel\\framework\\src\\Illuminate\\Database\\Migrations\\Migrator.php(700): Illuminate\\Database\\Migrations\\DatabaseMigrationRepository->repositoryExists()
#15 C:\\phpexemples\\projectlogin\\vendor\\laravel\\framework\\src\\Illuminate\\Database\\Console\\Migrations\\MigrateCommand.php(138): Illuminate\\Database\\Migrations\\Migrator->repositoryExists()
#16 C:\\phpexemples\\projectlogin\\vendor\\laravel\\framework\\src\\Illuminate\\Support\\helpers.php(248): Illuminate\\Database\\Console\\Migrations\\MigrateCommand->Illuminate\\Database\\Console\\Migrations\\{closure}()
#17 C:\\phpexemples\\projectlogin\\vendor\\laravel\\framework\\src\\Illuminate\\Database\\Console\\Migrations\\MigrateCommand.php(138): retry()
#18 C:\\phpexemples\\projectlogin\\vendor\\laravel\\framework\\src\\Illuminate\\Database\\Console\\Migrations\\MigrateCommand.php(114): Illuminate\\Database\\Console\\Migrations\\MigrateCommand->repositoryExists()
#19 C:\\phpexemples\\projectlogin\\vendor\\laravel\\framework\\src\\Illuminate\\Database\\Console\\Migrations\\MigrateCommand.php(82): Illuminate\\Database\\Console\\Migrations\\MigrateCommand->prepareDatabase()
#20 C:\\phpexemples\\projectlogin\\vendor\\laravel\\framework\\src\\Illuminate\\Database\\Migrations\\Migrator.php(633): Illuminate\\Database\\Console\\Migrations\\MigrateCommand->Illuminate\\Database\\Console\\Migrations\\{closure}()
#21 C:\\phpexemples\\projectlogin\\vendor\\laravel\\framework\\src\\Illuminate\\Database\\Console\\Migrations\\MigrateCommand.php(81): Illuminate\\Database\\Migrations\\Migrator->usingConnection()
#22 C:\\phpexemples\\projectlogin\\vendor\\laravel\\framework\\src\\Illuminate\\Container\\BoundMethod.php(36): Illuminate\\Database\\Console\\Migrations\\MigrateCommand->handle()
#23 C:\\phpexemples\\projectlogin\\vendor\\laravel\\framework\\src\\Illuminate\\Container\\Util.php(41): Illuminate\\Container\\BoundMethod::Illuminate\\Container\\{closure}()
#24 C:\\phpexemples\\projectlogin\\vendor\\laravel\\framework\\src\\Illuminate\\Container\\BoundMethod.php(93): Illuminate\\Container\\Util::unwrapIfClosure()
#25 C:\\phpexemples\\projectlogin\\vendor\\laravel\\framework\\src\\Illuminate\\Container\\BoundMethod.php(35): Illuminate\\Container\\BoundMethod::callBoundMethod()
#26 C:\\phpexemples\\projectlogin\\vendor\\laravel\\framework\\src\\Illuminate\\Container\\Container.php(662): Illuminate\\Container\\BoundMethod::call()
#27 C:\\phpexemples\\projectlogin\\vendor\\laravel\\framework\\src\\Illuminate\\Console\\Command.php(208): Illuminate\\Container\\Container->call()
#28 C:\\phpexemples\\projectlogin\\vendor\\symfony\\console\\Command\\Command.php(326): Illuminate\\Console\\Command->execute()
#29 C:\\phpexemples\\projectlogin\\vendor\\laravel\\framework\\src\\Illuminate\\Console\\Command.php(177): Symfony\\Component\\Console\\Command\\Command->run()
#30 C:\\phpexemples\\projectlogin\\vendor\\symfony\\console\\Application.php(1081): Illuminate\\Console\\Command->run()
#31 C:\\phpexemples\\projectlogin\\vendor\\symfony\\console\\Application.php(320): Symfony\\Component\\Console\\Application->doRunCommand()
#32 C:\\phpexemples\\projectlogin\\vendor\\symfony\\console\\Application.php(174): Symfony\\Component\\Console\\Application->doRun()
#33 C:\\phpexemples\\projectlogin\\vendor\\laravel\\framework\\src\\Illuminate\\Foundation\\Console\\Kernel.php(201): Symfony\\Component\\Console\\Application->run()
#34 C:\\phpexemples\\projectlogin\\artisan(35): Illuminate\\Foundation\\Console\\Kernel->handle()
#35 {main}
"} 
[2023-07-12 19:39:45] local.ERROR: There are no commands defined in the "migration" namespace.

Did you mean this?
    migrate {"exception":"[object] (Symfony\\Component\\Console\\Exception\\NamespaceNotFoundException(code: 0): There are no commands defined in the \"migration\" namespace.

Did you mean this?
    migrate at C:\\phpexemples\\projectlogin\\vendor\\symfony\\console\\Application.php:657)
[stacktrace]
#0 C:\\phpexemples\\projectlogin\\vendor\\symfony\\console\\Application.php(708): Symfony\\Component\\Console\\Application->findNamespace()
#1 C:\\phpexemples\\projectlogin\\vendor\\symfony\\console\\Application.php(262): Symfony\\Component\\Console\\Application->find()
#2 C:\\phpexemples\\projectlogin\\vendor\\symfony\\console\\Application.php(174): Symfony\\Component\\Console\\Application->doRun()
#3 C:\\phpexemples\\projectlogin\\vendor\\laravel\\framework\\src\\Illuminate\\Foundation\\Console\\Kernel.php(201): Symfony\\Component\\Console\\Application->run()
#4 C:\\phpexemples\\projectlogin\\artisan(35): Illuminate\\Foundation\\Console\\Kernel->handle()
#5 {main}
"} 
[2023-07-13 06:50:36] local.ERROR: SQLSTATE[42S01]: Base table or view already exists: 1050 Table 'users' already exists (Connection: mysql, SQL: create table `users` (`id` bigint unsigned not null auto_increment primary key, `name` varchar(255) not null, `email` varchar(255) not null, `email_verified_at` timestamp null, `password` varchar(255) not null, `remember_token` varchar(100) null, `created_at` timestamp null, `updated_at` timestamp null) default character set utf8mb4 collate 'utf8mb4_unicode_ci') {"exception":"[object] (Illuminate\\Database\\QueryException(code: 42S01): SQLSTATE[42S01]: Base table or view already exists: 1050 Table 'users' already exists (Connection: mysql, SQL: create table `users` (`id` bigint unsigned not null auto_increment primary key, `name` varchar(255) not null, `email` varchar(255) not null, `email_verified_at` timestamp null, `password` varchar(255) not null, `remember_token` varchar(100) null, `created_at` timestamp null, `updated_at` timestamp null) default character set utf8mb4 collate 'utf8mb4_unicode_ci') at C:\\phpexemples\\projectlogin\\vendor\\laravel\\framework\\src\\Illuminate\\Database\\Connection.php:795)
[stacktrace]
#0 C:\\phpexemples\\projectlogin\\vendor\\laravel\\framework\\src\\Illuminate\\Database\\Connection.php(755): Illuminate\\Database\\Connection->runQueryCallback()
#1 C:\\phpexemples\\projectlogin\\vendor\\laravel\\framework\\src\\Illuminate\\Database\\Connection.php(569): Illuminate\\Database\\Connection->run()
#2 C:\\phpexemples\\projectlogin\\vendor\\laravel\\framework\\src\\Illuminate\\Database\\Schema\\Blueprint.php(110): Illuminate\\Database\\Connection->statement()
#3 C:\\phpexemples\\projectlogin\\vendor\\laravel\\framework\\src\\Illuminate\\Database\\Schema\\Builder.php(439): Illuminate\\Database\\Schema\\Blueprint->build()
#4 C:\\phpexemples\\projectlogin\\vendor\\laravel\\framework\\src\\Illuminate\\Database\\Schema\\Builder.php(281): Illuminate\\Database\\Schema\\Builder->build()
#5 C:\\phpexemples\\projectlogin\\vendor\\laravel\\framework\\src\\Illuminate\\Support\\Facades\\Facade.php(353): Illuminate\\Database\\Schema\\Builder->create()
#6 C:\\phpexemples\\projectlogin\\database\\migrations\\2014_10_12_000000_create_users_table.php(14): Illuminate\\Support\\Facades\\Facade::__callStatic()
#7 C:\\phpexemples\\projectlogin\\vendor\\laravel\\framework\\src\\Illuminate\\Database\\Migrations\\Migrator.php(493): Illuminate\\Database\\Migrations\\Migration@anonymous->up()
#8 C:\\phpexemples\\projectlogin\\vendor\\laravel\\framework\\src\\Illuminate\\Database\\Migrations\\Migrator.php(410): Illuminate\\Database\\Migrations\\Migrator->runMethod()
#9 C:\\phpexemples\\projectlogin\\vendor\\laravel\\framework\\src\\Illuminate\\Database\\Migrations\\Migrator.php(419): Illuminate\\Database\\Migrations\\Migrator->Illuminate\\Database\\Migrations\\{closure}()
#10 C:\\phpexemples\\projectlogin\\vendor\\laravel\\framework\\src\\Illuminate\\Database\\Migrations\\Migrator.php(216): Illuminate\\Database\\Migrations\\Migrator->runMigration()
#11 C:\\phpexemples\\projectlogin\\vendor\\laravel\\framework\\src\\Illuminate\\Console\\View\\Components\\Task.php(37): Illuminate\\Database\\Migrations\\Migrator->Illuminate\\Database\\Migrations\\{closure}()
#12 C:\\phpexemples\\projectlogin\\vendor\\laravel\\framework\\src\\Illuminate\\Database\\Migrations\\Migrator.php(756): Illuminate\\Console\\View\\Components\\Task->render()
#13 C:\\phpexemples\\projectlogin\\vendor\\laravel\\framework\\src\\Illuminate\\Database\\Migrations\\Migrator.php(216): Illuminate\\Database\\Migrations\\Migrator->write()
#14 C:\\phpexemples\\projectlogin\\vendor\\laravel\\framework\\src\\Illuminate\\Database\\Migrations\\Migrator.php(181): Illuminate\\Database\\Migrations\\Migrator->runUp()
#15 C:\\phpexemples\\projectlogin\\vendor\\laravel\\framework\\src\\Illuminate\\Database\\Migrations\\Migrator.php(124): Illuminate\\Database\\Migrations\\Migrator->runPending()
#16 C:\\phpexemples\\projectlogin\\vendor\\laravel\\framework\\src\\Illuminate\\Database\\Console\\Migrations\\MigrateCommand.php(88): Illuminate\\Database\\Migrations\\Migrator->run()
#17 C:\\phpexemples\\projectlogin\\vendor\\laravel\\framework\\src\\Illuminate\\Database\\Migrations\\Migrator.php(633): Illuminate\\Database\\Console\\Migrations\\MigrateCommand->Illuminate\\Database\\Console\\Migrations\\{closure}()
#18 C:\\phpexemples\\projectlogin\\vendor\\laravel\\framework\\src\\Illuminate\\Database\\Console\\Migrations\\MigrateCommand.php(81): Illuminate\\Database\\Migrations\\Migrator->usingConnection()
#19 C:\\phpexemples\\projectlogin\\vendor\\laravel\\framework\\src\\Illuminate\\Container\\BoundMethod.php(36): Illuminate\\Database\\Console\\Migrations\\MigrateCommand->handle()
#20 C:\\phpexemples\\projectlogin\\vendor\\laravel\\framework\\src\\Illuminate\\Container\\Util.php(41): Illuminate\\Container\\BoundMethod::Illuminate\\Container\\{closure}()
#21 C:\\phpexemples\\projectlogin\\vendor\\laravel\\framework\\src\\Illuminate\\Container\\BoundMethod.php(93): Illuminate\\Container\\Util::unwrapIfClosure()
#22 C:\\phpexemples\\projectlogin\\vendor\\laravel\\framework\\src\\Illuminate\\Container\\BoundMethod.php(35): Illuminate\\Container\\BoundMethod::callBoundMethod()
#23 C:\\phpexemples\\projectlogin\\vendor\\laravel\\framework\\src\\Illuminate\\Container\\Container.php(662): Illuminate\\Container\\BoundMethod::call()
#24 C:\\phpexemples\\projectlogin\\vendor\\laravel\\framework\\src\\Illuminate\\Console\\Command.php(208): Illuminate\\Container\\Container->call()
#25 C:\\phpexemples\\projectlogin\\vendor\\symfony\\console\\Command\\Command.php(326): Illuminate\\Console\\Command->execute()
#26 C:\\phpexemples\\projectlogin\\vendor\\laravel\\framework\\src\\Illuminate\\Console\\Command.php(177): Symfony\\Component\\Console\\Command\\Command->run()
#27 C:\\phpexemples\\projectlogin\\vendor\\symfony\\console\\Application.php(1081): Illuminate\\Console\\Command->run()
#28 C:\\phpexemples\\projectlogin\\vendor\\symfony\\console\\Application.php(320): Symfony\\Component\\Console\\Application->doRunCommand()
#29 C:\\phpexemples\\projectlogin\\vendor\\symfony\\console\\Application.php(174): Symfony\\Component\\Console\\Application->doRun()
#30 C:\\phpexemples\\projectlogin\\vendor\\laravel\\framework\\src\\Illuminate\\Foundation\\Console\\Kernel.php(201): Symfony\\Component\\Console\\Application->run()
#31 C:\\phpexemples\\projectlogin\\artisan(35): Illuminate\\Foundation\\Console\\Kernel->handle()
#32 {main}

[previous exception] [object] (PDOException(code: 42S01): SQLSTATE[42S01]: Base table or view already exists: 1050 Table 'users' already exists at C:\\phpexemples\\projectlogin\\vendor\\laravel\\framework\\src\\Illuminate\\Database\\Connection.php:580)
[stacktrace]
#0 C:\\phpexemples\\projectlogin\\vendor\\laravel\\framework\\src\\Illuminate\\Database\\Connection.php(580): PDOStatement->execute()
#1 C:\\phpexemples\\projectlogin\\vendor\\laravel\\framework\\src\\Illuminate\\Database\\Connection.php(788): Illuminate\\Database\\Connection->Illuminate\\Database\\{closure}()
#2 C:\\phpexemples\\projectlogin\\vendor\\laravel\\framework\\src\\Illuminate\\Database\\Connection.php(755): Illuminate\\Database\\Connection->runQueryCallback()
#3 C:\\phpexemples\\projectlogin\\vendor\\laravel\\framework\\src\\Illuminate\\Database\\Connection.php(569): Illuminate\\Database\\Connection->run()
#4 C:\\phpexemples\\projectlogin\\vendor\\laravel\\framework\\src\\Illuminate\\Database\\Schema\\Blueprint.php(110): Illuminate\\Database\\Connection->statement()
#5 C:\\phpexemples\\projectlogin\\vendor\\laravel\\framework\\src\\Illuminate\\Database\\Schema\\Builder.php(439): Illuminate\\Database\\Schema\\Blueprint->build()
#6 C:\\phpexemples\\projectlogin\\vendor\\laravel\\framework\\src\\Illuminate\\Database\\Schema\\Builder.php(281): Illuminate\\Database\\Schema\\Builder->build()
#7 C:\\phpexemples\\projectlogin\\vendor\\laravel\\framework\\src\\Illuminate\\Support\\Facades\\Facade.php(353): Illuminate\\Database\\Schema\\Builder->create()
#8 C:\\phpexemples\\projectlogin\\database\\migrations\\2014_10_12_000000_create_users_table.php(14): Illuminate\\Support\\Facades\\Facade::__callStatic()
#9 C:\\phpexemples\\projectlogin\\vendor\\laravel\\framework\\src\\Illuminate\\Database\\Migrations\\Migrator.php(493): Illuminate\\Database\\Migrations\\Migration@anonymous->up()
#10 C:\\phpexemples\\projectlogin\\vendor\\laravel\\framework\\src\\Illuminate\\Database\\Migrations\\Migrator.php(410): Illuminate\\Database\\Migrations\\Migrator->runMethod()
#11 C:\\phpexemples\\projectlogin\\vendor\\laravel\\framework\\src\\Illuminate\\Database\\Migrations\\Migrator.php(419): Illuminate\\Database\\Migrations\\Migrator->Illuminate\\Database\\Migrations\\{closure}()
#12 C:\\phpexemples\\projectlogin\\vendor\\laravel\\framework\\src\\Illuminate\\Database\\Migrations\\Migrator.php(216): Illuminate\\Database\\Migrations\\Migrator->runMigration()
#13 C:\\phpexemples\\projectlogin\\vendor\\laravel\\framework\\src\\Illuminate\\Console\\View\\Components\\Task.php(37): Illuminate\\Database\\Migrations\\Migrator->Illuminate\\Database\\Migrations\\{closure}()
#14 C:\\phpexemples\\projectlogin\\vendor\\laravel\\framework\\src\\Illuminate\\Database\\Migrations\\Migrator.php(756): Illuminate\\Console\\View\\Components\\Task->render()
#15 C:\\phpexemples\\projectlogin\\vendor\\laravel\\framework\\src\\Illuminate\\Database\\Migrations\\Migrator.php(216): Illuminate\\Database\\Migrations\\Migrator->write()
#16 C:\\phpexemples\\projectlogin\\vendor\\laravel\\framework\\src\\Illuminate\\Database\\Migrations\\Migrator.php(181): Illuminate\\Database\\Migrations\\Migrator->runUp()
#17 C:\\phpexemples\\projectlogin\\vendor\\laravel\\framework\\src\\Illuminate\\Database\\Migrations\\Migrator.php(124): Illuminate\\Database\\Migrations\\Migrator->runPending()
#18 C:\\phpexemples\\projectlogin\\vendor\\laravel\\framework\\src\\Illuminate\\Database\\Console\\Migrations\\MigrateCommand.php(88): Illuminate\\Database\\Migrations\\Migrator->run()
#19 C:\\phpexemples\\projectlogin\\vendor\\laravel\\framework\\src\\Illuminate\\Database\\Migrations\\Migrator.php(633): Illuminate\\Database\\Console\\Migrations\\MigrateCommand->Illuminate\\Database\\Console\\Migrations\\{closure}()
#20 C:\\phpexemples\\projectlogin\\vendor\\laravel\\framework\\src\\Illuminate\\Database\\Console\\Migrations\\MigrateCommand.php(81): Illuminate\\Database\\Migrations\\Migrator->usingConnection()
#21 C:\\phpexemples\\projectlogin\\vendor\\laravel\\framework\\src\\Illuminate\\Container\\BoundMethod.php(36): Illuminate\\Database\\Console\\Migrations\\MigrateCommand->handle()
#22 C:\\phpexemples\\projectlogin\\vendor\\laravel\\framework\\src\\Illuminate\\Container\\Util.php(41): Illuminate\\Container\\BoundMethod::Illuminate\\Container\\{closure}()
#23 C:\\phpexemples\\projectlogin\\vendor\\laravel\\framework\\src\\Illuminate\\Container\\BoundMethod.php(93): Illuminate\\Container\\Util::unwrapIfClosure()
#24 C:\\phpexemples\\projectlogin\\vendor\\laravel\\framework\\src\\Illuminate\\Container\\BoundMethod.php(35): Illuminate\\Container\\BoundMethod::callBoundMethod()
#25 C:\\phpexemples\\projectlogin\\vendor\\laravel\\framework\\src\\Illuminate\\Container\\Container.php(662): Illuminate\\Container\\BoundMethod::call()
#26 C:\\phpexemples\\projectlogin\\vendor\\laravel\\framework\\src\\Illuminate\\Console\\Command.php(208): Illuminate\\Container\\Container->call()
#27 C:\\phpexemples\\projectlogin\\vendor\\symfony\\console\\Command\\Command.php(326): Illuminate\\Console\\Command->execute()
#28 C:\\phpexemples\\projectlogin\\vendor\\laravel\\framework\\src\\Illuminate\\Console\\Command.php(177): Symfony\\Component\\Console\\Command\\Command->run()
#29 C:\\phpexemples\\projectlogin\\vendor\\symfony\\console\\Application.php(1081): Illuminate\\Console\\Command->run()
#30 C:\\phpexemples\\projectlogin\\vendor\\symfony\\console\\Application.php(320): Symfony\\Component\\Console\\Application->doRunCommand()
#31 C:\\phpexemples\\projectlogin\\vendor\\symfony\\console\\Application.php(174): Symfony\\Component\\Console\\Application->doRun()
#32 C:\\phpexemples\\projectlogin\\vendor\\laravel\\framework\\src\\Illuminate\\Foundation\\Console\\Kernel.php(201): Symfony\\Component\\Console\\Application->run()
#33 C:\\phpexemples\\projectlogin\\artisan(35): Illuminate\\Foundation\\Console\\Kernel->handle()
#34 {main}
"} 
